<?xml version="1.0" encoding="utf-8"?>
<CoverageSession xmlns:xsd="http://www.w3.org/2001/XMLSchema" xmlns:xsi="http://www.w3.org/2001/XMLSchema-instance">
  <Summary numSequencePoints="40" visitedSequencePoints="16" numBranchPoints="22" visitedBranchPoints="6" sequenceCoverage="40" branchCoverage="27.27" maxCyclomaticComplexity="4" minCyclomaticComplexity="0" visitedClasses="2" numClasses="5" visitedMethods="4" numMethods="10" />
  <Modules>
    <Module skippedDueTo="Filter" hash="34-11-C5-40-14-DD-EF-29-B9-4B-61-0B-E0-44-66-77-87-26-3C-F0">
      <ModulePath>C:\WINDOWS\Microsoft.Net\assembly\GAC_64\mscorlib\v4.0_4.0.0.0__b77a5c561934e089\mscorlib.dll</ModulePath>
      <ModuleTime>2017-03-18T20:59:45.7595548Z</ModuleTime>
      <ModuleName>mscorlib</ModuleName>
      <Classes />
    </Module>
    <Module skippedDueTo="MissingPdb" hash="C9-73-ED-04-00-C6-51-60-27-F2-A0-0B-90-05-B8-86-6E-DB-6B-00">
      <ModulePath>C:\Code\InfoMeet-2017---Katowice\source\7. Code coverage\Tools\xunit.runner.console\2.1.0\tools\xunit.console.exe</ModulePath>
      <ModuleTime>2017-05-17T18:42:15.4952589Z</ModuleTime>
      <ModuleName>xunit.console</ModuleName>
      <Classes />
    </Module>
    <Module skippedDueTo="MissingPdb" hash="2C-BE-1B-C3-02-35-ED-A0-CC-7C-AB-BA-F1-C5-8D-DE-79-03-01-9A">
      <ModulePath>C:\Code\InfoMeet-2017---Katowice\source\7. Code coverage\Tools\xunit.runner.console\2.1.0\tools\xunit.runner.utility.desktop.dll</ModulePath>
      <ModuleTime>2017-05-17T18:42:15.5022807Z</ModuleTime>
      <ModuleName>xunit.runner.utility.desktop</ModuleName>
      <Classes />
    </Module>
    <Module skippedDueTo="MissingPdb" hash="9E-A9-5D-7F-86-82-4D-02-7D-07-AD-C0-17-06-5D-73-8F-1F-28-44">
      <ModulePath>C:\Code\InfoMeet-2017---Katowice\source\7. Code coverage\Tools\xunit.runner.console\2.1.0\tools\xunit.abstractions.dll</ModulePath>
      <ModuleTime>2017-05-17T18:42:15.4912545Z</ModuleTime>
      <ModuleName>xunit.abstractions</ModuleName>
      <Classes />
    </Module>
    <Module skippedDueTo="Filter" hash="31-3D-D1-85-09-9C-43-A7-23-8A-38-24-7D-DF-57-1C-3F-E8-84-30">
      <ModulePath>C:\WINDOWS\Microsoft.Net\assembly\GAC_MSIL\System.Core\v4.0_4.0.0.0__b77a5c561934e089\System.Core.dll</ModulePath>
      <ModuleTime>2017-04-27T21:18:08.2884441Z</ModuleTime>
      <ModuleName>System.Core</ModuleName>
      <Classes />
    </Module>
    <Module skippedDueTo="MissingPdb" hash="AA-84-EA-4A-FD-23-17-44-E5-3B-73-2A-3D-B6-0E-17-EE-E1-53-6A">
      <ModulePath>C:\Code\InfoMeet-2017---Katowice\source\7. Code coverage\Tools\xunit.runner.console\2.1.0\tools\xunit.runner.reporters.desktop.dll</ModulePath>
      <ModuleTime>2017-05-17T18:42:15.4982692Z</ModuleTime>
      <ModuleName>xunit.runner.reporters.desktop</ModuleName>
      <Classes />
    </Module>
    <Module skippedDueTo="Filter" hash="6A-B0-08-80-0B-A5-95-C7-FA-79-33-2C-55-FC-56-DE-B2-D4-6F-B8">
      <ModulePath>C:\WINDOWS\Microsoft.Net\assembly\GAC_MSIL\System.Net.Http\v4.0_4.0.0.0__b03f5f7f11d50a3a\System.Net.Http.dll</ModulePath>
      <ModuleTime>2017-03-18T20:59:43.9625256Z</ModuleTime>
      <ModuleName>System.Net.Http</ModuleName>
      <Classes />
    </Module>
    <Module skippedDueTo="Filter" hash="79-2F-E4-81-15-23-A9-72-6E-4B-61-08-E7-03-D3-3D-F2-DA-F6-11">
      <ModulePath>C:\WINDOWS\Microsoft.Net\assembly\GAC_MSIL\System\v4.0_4.0.0.0__b77a5c561934e089\System.dll</ModulePath>
      <ModuleTime>2017-04-27T21:18:08.4447074Z</ModuleTime>
      <ModuleName>System</ModuleName>
      <Classes />
    </Module>
    <Module skippedDueTo="Filter" hash="23-BC-31-F6-43-B2-A8-0E-53-0D-F9-0B-70-B7-5D-8F-D4-C6-52-05">
      <ModulePath>C:\WINDOWS\Microsoft.Net\assembly\GAC_64\System.Web\v4.0_4.0.0.0__b03f5f7f11d50a3a\System.Web.dll</ModulePath>
      <ModuleTime>2017-03-18T20:59:47.9159862Z</ModuleTime>
      <ModuleName>System.Web</ModuleName>
      <Classes />
    </Module>
    <Module skippedDueTo="Filter" hash="B2-28-6B-70-63-9D-E4-57-87-05-C1-81-C5-79-94-3B-83-FA-E0-DD">
      <ModulePath>C:\WINDOWS\Microsoft.Net\assembly\GAC_MSIL\System.Xml.Linq\v4.0_4.0.0.0__b77a5c561934e089\System.Xml.Linq.dll</ModulePath>
      <ModuleTime>2017-03-18T20:59:45.7283009Z</ModuleTime>
      <ModuleName>System.Xml.Linq</ModuleName>
      <Classes />
    </Module>
    <Module skippedDueTo="Filter" hash="BC-3D-7B-FA-41-15-98-9E-BD-CB-6E-11-CC-4E-F2-49-2D-A6-58-72">
      <ModulePath>C:\WINDOWS\Microsoft.Net\assembly\GAC_MSIL\System.Xml\v4.0_4.0.0.0__b77a5c561934e089\System.Xml.dll</ModulePath>
      <ModuleTime>2017-03-18T20:59:43.8218895Z</ModuleTime>
      <ModuleName>System.Xml</ModuleName>
      <Classes />
    </Module>
    <Module skippedDueTo="Filter" hash="0C-91-60-C5-26-07-2E-2E-54-A1-8A-32-86-67-C5-B4-A5-93-05-F9">
      <ModulePath>C:\WINDOWS\Microsoft.Net\assembly\GAC_MSIL\System.Configuration\v4.0_4.0.0.0__b03f5f7f11d50a3a\System.Configuration.dll</ModulePath>
      <ModuleTime>2017-03-18T20:59:43.7281312Z</ModuleTime>
      <ModuleName>System.Configuration</ModuleName>
      <Classes />
    </Module>
    <Module skippedDueTo="MissingPdb" hash="2C-BE-1B-C3-02-35-ED-A0-CC-7C-AB-BA-F1-C5-8D-DE-79-03-01-9A">
      <ModulePath>C:\Users\Michal\AppData\Local\Temp\39b4c75c-4810-437b-ad6e-3261ce641d58\39b4c75c-4810-437b-ad6e-3261ce641d58\assembly\dl3\cdca6dfc\d701f54d_3dcfd201\xunit.runner.utility.desktop.dll</ModulePath>
      <ModuleTime>2017-05-18T19:28:25.8292346Z</ModuleTime>
      <ModuleName>xunit.runner.utility.desktop</ModuleName>
      <Classes />
    </Module>
    <Module skippedDueTo="Filter" hash="31-3D-D1-85-09-9C-43-A7-23-8A-38-24-7D-DF-57-1C-3F-E8-84-30">
      <ModulePath>C:\WINDOWS\Microsoft.Net\assembly\GAC_MSIL\System.Core\v4.0_4.0.0.0__b77a5c561934e089\System.Core.dll</ModulePath>
      <ModuleTime>2017-04-27T21:18:08.2884441Z</ModuleTime>
      <ModuleName>System.Core</ModuleName>
      <Classes />
    </Module>
    <Module skippedDueTo="Filter" hash="79-2F-E4-81-15-23-A9-72-6E-4B-61-08-E7-03-D3-3D-F2-DA-F6-11">
      <ModulePath>C:\WINDOWS\Microsoft.Net\assembly\GAC_MSIL\System\v4.0_4.0.0.0__b77a5c561934e089\System.dll</ModulePath>
      <ModuleTime>2017-04-27T21:18:08.4447074Z</ModuleTime>
      <ModuleName>System</ModuleName>
      <Classes />
    </Module>
    <Module skippedDueTo="MissingPdb" hash="">
      <ModulePath>RefEmit_InMemoryManifestModule</ModulePath>
      <ModuleTime>0001-01-01T00:00:00</ModuleTime>
      <ModuleName>Anonymously Hosted DynamicMethods Assembly</ModuleName>
      <Classes />
    </Module>
    <Module skippedDueTo="Filter" hash="DB-99-06-A8-3B-9D-4F-3E-9D-C9-D5-83-15-15-18-C7-27-D9-64-19">
      <ModulePath>C:\Code\InfoMeet-2017---Katowice\source\7. Code coverage\UnitTestsTrainingSamples\OpenCover.Tests\bin\Debug\OpenCover.Tests.dll</ModulePath>
      <ModuleTime>2017-05-18T19:26:17.5479942Z</ModuleTime>
      <ModuleName>OpenCover.Tests</ModuleName>
      <Classes />
    </Module>
    <Module hash="51-60-07-3A-41-C0-01-C6-0C-80-56-7D-83-63-89-31-36-5F-A9-FE">
      <Summary numSequencePoints="0" visitedSequencePoints="0" numBranchPoints="0" visitedBranchPoints="0" sequenceCoverage="0" branchCoverage="0" maxCyclomaticComplexity="0" minCyclomaticComplexity="0" visitedClasses="0" numClasses="0" visitedMethods="0" numMethods="0" />
      <ModulePath>C:\Users\Michal\AppData\Local\Temp\b35a2ca1-9104-46ee-ba4b-2bf62929abd7\b35a2ca1-9104-46ee-ba4b-2bf62929abd7\assembly\dl3\3f9df8fb\a642654e_3dcfd201\xunit.execution.desktop.dll</ModulePath>
      <ModuleTime>2017-05-18T19:28:26.1250793Z</ModuleTime>
      <ModuleName>xunit.execution.desktop</ModuleName>
      <Files />
      <Classes>
        <Class skippedDueTo="Filter">
          <FullName>&lt;Module&gt;</FullName>
          <Methods />
        </Class>
        <Class skippedDueTo="Filter">
          <FullName>&lt;&gt;f__AnonymousType0`2</FullName>
          <Methods />
        </Class>
        <Class skippedDueTo="Filter">
          <FullName>&lt;&gt;f__AnonymousType1`2</FullName>
          <Methods />
        </Class>
        <Class skippedDueTo="Filter">
          <FullName>AssemblyExtensions</FullName>
          <Methods />
        </Class>
        <Class skippedDueTo="Filter">
          <FullName>DictionaryExtensions</FullName>
          <Methods />
        </Class>
        <Class skippedDueTo="Filter">
          <FullName>DictionaryExtensions/&lt;&gt;c__2`2</FullName>
          <Methods />
        </Class>
        <Class skippedDueTo="Filter">
          <FullName>ExceptionExtensions</FullName>
          <Methods />
        </Class>
        <Class skippedDueTo="Filter">
          <FullName>Guard</FullName>
          <Methods />
        </Class>
        <Class skippedDueTo="Filter">
          <FullName>NewReflectionExtensions</FullName>
          <Methods />
        </Class>
        <Class skippedDueTo="Filter">
          <FullName>TestOptionsNames</FullName>
          <Methods />
        </Class>
        <Class skippedDueTo="Filter">
          <FullName>TestOptionsNames/Discovery</FullName>
          <Methods />
        </Class>
        <Class skippedDueTo="Filter">
          <FullName>TestOptionsNames/Execution</FullName>
          <Methods />
        </Class>
        <Class skippedDueTo="Filter">
          <FullName>ReflectionAbstractionExtensions</FullName>
          <Methods />
        </Class>
        <Class skippedDueTo="Filter">
          <FullName>ReflectionAbstractionExtensions/&lt;&gt;c__DisplayClass0_0</FullName>
          <Methods />
        </Class>
        <Class skippedDueTo="Filter">
          <FullName>ReflectionAbstractionExtensions/&lt;&gt;c__DisplayClass2_0</FullName>
          <Methods />
        </Class>
        <Class skippedDueTo="Filter">
          <FullName>ReflectionAbstractionExtensions/&lt;&gt;c__DisplayClass3_0</FullName>
          <Methods />
        </Class>
        <Class skippedDueTo="Filter">
          <FullName>TestFrameworkOptionsReadExtensions</FullName>
          <Methods />
        </Class>
        <Class skippedDueTo="Filter">
          <FullName>Xunit.ExecutionHelper</FullName>
          <Methods />
        </Class>
        <Class skippedDueTo="Filter">
          <FullName>Xunit.ExecutionHelper/&lt;&gt;c</FullName>
          <Methods />
        </Class>
        <Class skippedDueTo="Filter">
          <FullName>Xunit.Serialization.XunitSerializationInfo</FullName>
          <Methods />
        </Class>
        <Class skippedDueTo="Filter">
          <FullName>Xunit.Serialization.XunitSerializationInfo/ArraySerializer</FullName>
          <Methods />
        </Class>
        <Class skippedDueTo="Filter">
          <FullName>Xunit.Serialization.XunitSerializationInfo/&lt;&gt;c</FullName>
          <Methods />
        </Class>
        <Class skippedDueTo="Filter">
          <FullName>Xunit.Serialization.XunitSerializationTriple</FullName>
          <Methods />
        </Class>
        <Class skippedDueTo="Filter">
          <FullName>Xunit.Sdk.ExceptionUtility</FullName>
          <Methods />
        </Class>
        <Class skippedDueTo="Filter">
          <FullName>Xunit.Sdk.ExceptionUtility/FailureInformation</FullName>
          <Methods />
        </Class>
        <Class skippedDueTo="Filter">
          <FullName>Xunit.Sdk.ExceptionUtility/&lt;SplitLines&gt;d__9</FullName>
          <Methods />
        </Class>
        <Class skippedDueTo="Filter">
          <FullName>Xunit.Sdk.NullMessageSink</FullName>
          <Methods />
        </Class>
        <Class skippedDueTo="Filter">
          <FullName>Xunit.Sdk.SerializationHelper</FullName>
          <Methods />
        </Class>
        <Class skippedDueTo="Filter">
          <FullName>Xunit.Sdk.SerializationHelper/&lt;&gt;c</FullName>
          <Methods />
        </Class>
        <Class skippedDueTo="Filter">
          <FullName>Xunit.Sdk.SerializationHelper/&lt;&gt;c__DisplayClass4_0</FullName>
          <Methods />
        </Class>
        <Class skippedDueTo="Filter">
          <FullName>Xunit.Sdk.SourceInformation</FullName>
          <Methods />
        </Class>
        <Class skippedDueTo="Filter">
          <FullName>Xunit.Sdk.TestDiscoveryVisitor</FullName>
          <Methods />
        </Class>
        <Class skippedDueTo="Filter">
          <FullName>Xunit.Sdk.TestMessageVisitor</FullName>
          <Methods />
        </Class>
        <Class skippedDueTo="Filter">
          <FullName>Xunit.Sdk.TestMessageVisitor/&lt;&gt;c</FullName>
          <Methods />
        </Class>
        <Class skippedDueTo="Filter">
          <FullName>Xunit.Sdk.TestMessageVisitor`1</FullName>
          <Methods />
        </Class>
        <Class skippedDueTo="Filter">
          <FullName>Xunit.Sdk.XunitWorkerThread</FullName>
          <Methods />
        </Class>
        <Class skippedDueTo="Filter">
          <FullName>Xunit.Sdk.XunitWorkerThread/State</FullName>
          <Methods />
        </Class>
        <Class skippedDueTo="Filter">
          <FullName>Xunit.Sdk.XunitWorkerThread/&lt;&gt;c</FullName>
          <Methods />
        </Class>
        <Class skippedDueTo="Filter">
          <FullName>Xunit.Sdk.ArgumentFormatter</FullName>
          <Methods />
        </Class>
        <Class skippedDueTo="Filter">
          <FullName>Xunit.Sdk.ArgumentFormatter/&lt;&gt;c__DisplayClass9_0</FullName>
          <Methods />
        </Class>
        <Class skippedDueTo="Filter">
          <FullName>Xunit.Sdk.ArgumentFormatter/&lt;&gt;c__DisplayClass9_1</FullName>
          <Methods />
        </Class>
        <Class skippedDueTo="Filter">
          <FullName>Xunit.Sdk.ArgumentFormatter/&lt;&gt;c__DisplayClass9_2</FullName>
          <Methods />
        </Class>
        <Class skippedDueTo="Filter">
          <FullName>Xunit.Sdk.ArgumentFormatter/&lt;&gt;c</FullName>
          <Methods />
        </Class>
        <Class skippedDueTo="Filter">
          <FullName>Xunit.Sdk.ArgumentFormatter/&lt;&gt;c__DisplayClass10_0</FullName>
          <Methods />
        </Class>
        <Class skippedDueTo="Filter">
          <FullName>Xunit.Sdk.AssertEqualityComparer`1</FullName>
          <Methods />
        </Class>
        <Class skippedDueTo="Filter">
          <FullName>Xunit.Sdk.AssertEqualityComparer`1/&lt;&gt;c__DisplayClass4_0</FullName>
          <Methods />
        </Class>
        <Class skippedDueTo="Filter">
          <FullName>Xunit.Sdk.AssertEqualityComparerAdapter`1</FullName>
          <Methods />
        </Class>
        <Class skippedDueTo="Filter">
          <FullName>Xunit.Sdk.ExecutionContextHelper</FullName>
          <Methods />
        </Class>
        <Class skippedDueTo="Filter">
          <FullName>Xunit.Sdk.LongLivedMarshalByRefObject</FullName>
          <Methods />
        </Class>
        <Class skippedDueTo="Filter">
          <FullName>Xunit.Sdk.AsyncTestSyncContext</FullName>
          <Methods />
        </Class>
        <Class skippedDueTo="Filter">
          <FullName>Xunit.Sdk.AsyncTestSyncContext/&lt;&gt;c__DisplayClass7_0</FullName>
          <Methods />
        </Class>
        <Class skippedDueTo="Filter">
          <FullName>Xunit.Sdk.DefaultTestCaseOrderer</FullName>
          <Methods />
        </Class>
        <Class skippedDueTo="Filter">
          <FullName>Xunit.Sdk.DefaultTestCollectionOrderer</FullName>
          <Methods />
        </Class>
        <Class skippedDueTo="Filter">
          <FullName>Xunit.Sdk.DisposalTracker</FullName>
          <Methods />
        </Class>
        <Class skippedDueTo="Filter">
          <FullName>Xunit.Sdk.ExtensibilityPointFactory</FullName>
          <Methods />
        </Class>
        <Class skippedDueTo="Filter">
          <FullName>Xunit.Sdk.ExtensibilityPointFactory/&lt;&gt;c</FullName>
          <Methods />
        </Class>
        <Class skippedDueTo="Filter">
          <FullName>Xunit.Sdk.ExtensibilityPointFactory/&lt;&gt;c__DisplayClass4_0`1</FullName>
          <Methods />
        </Class>
        <Class skippedDueTo="Filter">
          <FullName>Xunit.Sdk.CollectionPerAssemblyTestCollectionFactory</FullName>
          <Methods />
        </Class>
        <Class skippedDueTo="Filter">
          <FullName>Xunit.Sdk.CollectionPerClassTestCollectionFactory</FullName>
          <Methods />
        </Class>
        <Class skippedDueTo="Filter">
          <FullName>Xunit.Sdk.ExecutionErrorTestCase</FullName>
          <Methods />
        </Class>
        <Class skippedDueTo="Filter">
          <FullName>Xunit.Sdk.ExecutionTimer</FullName>
          <Methods />
        </Class>
        <Class skippedDueTo="Filter">
          <FullName>Xunit.Sdk.FactDiscoverer</FullName>
          <Methods />
        </Class>
        <Class skippedDueTo="Filter">
          <FullName>Xunit.Sdk.ExecutionErrorTestCaseRunner</FullName>
          <Methods />
        </Class>
        <Class skippedDueTo="Filter">
          <FullName>Xunit.Sdk.TestAssemblyRunner`1</FullName>
          <Methods />
        </Class>
        <Class skippedDueTo="Filter">
          <FullName>Xunit.Sdk.TestAssemblyRunner`1/&lt;&gt;c__DisplayClass40_0</FullName>
          <Methods />
        </Class>
        <Class skippedDueTo="Filter">
          <FullName>Xunit.Sdk.TestAssemblyRunner`1/&lt;&gt;c</FullName>
          <Methods />
        </Class>
        <Class skippedDueTo="Filter">
          <FullName>Xunit.Sdk.TestCaseRunner`1</FullName>
          <Methods />
        </Class>
        <Class skippedDueTo="Filter">
          <FullName>Xunit.Sdk.TestClassRunner`1</FullName>
          <Methods />
        </Class>
        <Class skippedDueTo="Filter">
          <FullName>Xunit.Sdk.TestClassRunner`1/&lt;&gt;c</FullName>
          <Methods />
        </Class>
        <Class skippedDueTo="Filter">
          <FullName>Xunit.Sdk.TestCollectionRunner`1</FullName>
          <Methods />
        </Class>
        <Class skippedDueTo="Filter">
          <FullName>Xunit.Sdk.TestCollectionRunner`1/&lt;&gt;c</FullName>
          <Methods />
        </Class>
        <Class skippedDueTo="Filter">
          <FullName>Xunit.Sdk.TestInvoker`1</FullName>
          <Methods />
        </Class>
        <Class skippedDueTo="Filter">
          <FullName>Xunit.Sdk.TestInvoker`1/&lt;&gt;c__DisplayClass45_0</FullName>
          <Methods />
        </Class>
        <Class skippedDueTo="Filter">
          <FullName>Xunit.Sdk.TestInvoker`1/&lt;&gt;c__DisplayClass46_0</FullName>
          <Methods />
        </Class>
        <Class skippedDueTo="Filter">
          <FullName>Xunit.Sdk.TestInvoker`1/&lt;&gt;c__DisplayClass46_1</FullName>
          <Methods />
        </Class>
        <Class skippedDueTo="Filter">
          <FullName>Xunit.Sdk.TestMethodRunner`1</FullName>
          <Methods />
        </Class>
        <Class skippedDueTo="Filter">
          <FullName>Xunit.Sdk.TestRunner`1</FullName>
          <Methods />
        </Class>
        <Class skippedDueTo="Filter">
          <FullName>Xunit.Sdk.TestRunner`1/&lt;&gt;c__DisplayClass43_0</FullName>
          <Methods />
        </Class>
        <Class skippedDueTo="Filter">
          <FullName>Xunit.Sdk.XunitTestAssemblyRunner</FullName>
          <Methods />
        </Class>
        <Class skippedDueTo="Filter">
          <FullName>Xunit.Sdk.XunitTestAssemblyRunner/&lt;&gt;c__DisplayClass14_0</FullName>
          <Methods />
        </Class>
        <Class skippedDueTo="Filter">
          <FullName>Xunit.Sdk.XunitTestAssemblyRunner/&lt;&gt;c__DisplayClass14_1</FullName>
          <Methods />
        </Class>
        <Class skippedDueTo="Filter">
          <FullName>Xunit.Sdk.XunitTestAssemblyRunner/&lt;&gt;c__DisplayClass14_2</FullName>
          <Methods />
        </Class>
        <Class skippedDueTo="Filter">
          <FullName>Xunit.Sdk.XunitTestAssemblyRunner/&lt;&gt;c</FullName>
          <Methods />
        </Class>
        <Class skippedDueTo="Filter">
          <FullName>Xunit.Sdk.XunitTestCaseRunner</FullName>
          <Methods />
        </Class>
        <Class skippedDueTo="Filter">
          <FullName>Xunit.Sdk.XunitTestClassRunner</FullName>
          <Methods />
        </Class>
        <Class skippedDueTo="Filter">
          <FullName>Xunit.Sdk.XunitTestClassRunner/&lt;&gt;c__DisplayClass6_0</FullName>
          <Methods />
        </Class>
        <Class skippedDueTo="Filter">
          <FullName>Xunit.Sdk.XunitTestClassRunner/&lt;&gt;c</FullName>
          <Methods />
        </Class>
        <Class skippedDueTo="Filter">
          <FullName>Xunit.Sdk.XunitTestCollectionRunner</FullName>
          <Methods />
        </Class>
        <Class skippedDueTo="Filter">
          <FullName>Xunit.Sdk.XunitTestCollectionRunner/&lt;&gt;c__DisplayClass8_0</FullName>
          <Methods />
        </Class>
        <Class skippedDueTo="Filter">
          <FullName>Xunit.Sdk.XunitTestCollectionRunner/&lt;&gt;c</FullName>
          <Methods />
        </Class>
        <Class skippedDueTo="Filter">
          <FullName>Xunit.Sdk.XunitTestInvoker</FullName>
          <Methods />
        </Class>
        <Class skippedDueTo="Filter">
          <FullName>Xunit.Sdk.XunitTestInvoker/&lt;&gt;c__DisplayClass5_0</FullName>
          <Methods />
        </Class>
        <Class skippedDueTo="Filter">
          <FullName>Xunit.Sdk.XunitTestInvoker/&lt;&gt;c__DisplayClass6_0</FullName>
          <Methods />
        </Class>
        <Class skippedDueTo="Filter">
          <FullName>Xunit.Sdk.XunitTestMethodRunner</FullName>
          <Methods />
        </Class>
        <Class skippedDueTo="Filter">
          <FullName>Xunit.Sdk.XunitTestRunner</FullName>
          <Methods />
        </Class>
        <Class skippedDueTo="Filter">
          <FullName>Xunit.Sdk.XunitTheoryTestCaseRunner</FullName>
          <Methods />
        </Class>
        <Class skippedDueTo="Filter">
          <FullName>Xunit.Sdk.XunitTheoryTestCaseRunner/&lt;&gt;c</FullName>
          <Methods />
        </Class>
        <Class skippedDueTo="Filter">
          <FullName>Xunit.Sdk.XunitTheoryTestCaseRunner/&lt;&gt;c__DisplayClass9_0</FullName>
          <Methods />
        </Class>
        <Class skippedDueTo="Filter">
          <FullName>Xunit.Sdk.TestAssembly</FullName>
          <Methods />
        </Class>
        <Class skippedDueTo="Filter">
          <FullName>Xunit.Sdk.TestClass</FullName>
          <Methods />
        </Class>
        <Class skippedDueTo="Filter">
          <FullName>Xunit.Sdk.TestClassComparer</FullName>
          <Methods />
        </Class>
        <Class skippedDueTo="Filter">
          <FullName>Xunit.Sdk.TestCollection</FullName>
          <Methods />
        </Class>
        <Class skippedDueTo="Filter">
          <FullName>Xunit.Sdk.TestCollectionComparer</FullName>
          <Methods />
        </Class>
        <Class skippedDueTo="Filter">
          <FullName>Xunit.Sdk.TestCollectionFactoryHelper</FullName>
          <Methods />
        </Class>
        <Class skippedDueTo="Filter">
          <FullName>Xunit.Sdk.TestCollectionFactoryHelper/&lt;&gt;c</FullName>
          <Methods />
        </Class>
        <Class skippedDueTo="Filter">
          <FullName>Xunit.Sdk.TestFramework</FullName>
          <Methods />
        </Class>
        <Class skippedDueTo="Filter">
          <FullName>Xunit.Sdk.TestFramework/NullSourceInformationProvider</FullName>
          <Methods />
        </Class>
        <Class skippedDueTo="Filter">
          <FullName>Xunit.Sdk.TestFrameworkDiscoverer</FullName>
          <Methods />
        </Class>
        <Class skippedDueTo="Filter">
          <FullName>Xunit.Sdk.TestFrameworkDiscoverer/PreserveWorkingFolder</FullName>
          <Methods />
        </Class>
        <Class skippedDueTo="Filter">
          <FullName>Xunit.Sdk.TestFrameworkDiscoverer/&lt;&gt;c__DisplayClass26_0</FullName>
          <Methods />
        </Class>
        <Class skippedDueTo="Filter">
          <FullName>Xunit.Sdk.TestFrameworkDiscoverer/&lt;&gt;c__DisplayClass28_0</FullName>
          <Methods />
        </Class>
        <Class skippedDueTo="Filter">
          <FullName>Xunit.Sdk.TestFrameworkExecutor`1</FullName>
          <Methods />
        </Class>
        <Class skippedDueTo="Filter">
          <FullName>Xunit.Sdk.TestFrameworkProxy</FullName>
          <Methods />
        </Class>
        <Class skippedDueTo="Filter">
          <FullName>Xunit.Sdk.TestFrameworkProxy/MessageSinkWrapper</FullName>
          <Methods />
        </Class>
        <Class skippedDueTo="Filter">
          <FullName>Xunit.Sdk.TestFrameworkProxy/&lt;&gt;c</FullName>
          <Methods />
        </Class>
        <Class skippedDueTo="Filter">
          <FullName>Xunit.Sdk.TestMethod</FullName>
          <Methods />
        </Class>
        <Class skippedDueTo="Filter">
          <FullName>Xunit.Sdk.TestMethodComparer</FullName>
          <Methods />
        </Class>
        <Class skippedDueTo="Filter">
          <FullName>Xunit.Sdk.TestMethodTestCase</FullName>
          <Methods />
        </Class>
        <Class skippedDueTo="Filter">
          <FullName>Xunit.Sdk.TestOutputHelper</FullName>
          <Methods />
        </Class>
        <Class skippedDueTo="Filter">
          <FullName>Xunit.Sdk.TheoryDiscoverer</FullName>
          <Methods />
        </Class>
        <Class skippedDueTo="Filter">
          <FullName>Xunit.Sdk.XunitTest</FullName>
          <Methods />
        </Class>
        <Class skippedDueTo="Filter">
          <FullName>Xunit.Sdk.XunitTestCase</FullName>
          <Methods />
        </Class>
        <Class skippedDueTo="Filter">
          <FullName>Xunit.Sdk.XunitTestFramework</FullName>
          <Methods />
        </Class>
        <Class skippedDueTo="Filter">
          <FullName>Xunit.Sdk.XunitTestFrameworkDiscoverer</FullName>
          <Methods />
        </Class>
        <Class skippedDueTo="Filter">
          <FullName>Xunit.Sdk.XunitTestFrameworkExecutor</FullName>
          <Methods />
        </Class>
        <Class skippedDueTo="Filter">
          <FullName>Xunit.Sdk.XunitTheoryTestCase</FullName>
          <Methods />
        </Class>
        <Class skippedDueTo="Filter">
          <FullName>Xunit.Sdk.MaxConcurrencySyncContext</FullName>
          <Methods />
        </Class>
        <Class skippedDueTo="Filter">
          <FullName>Xunit.Sdk.MaxConcurrencySyncContext/&lt;&gt;c__DisplayClass11_0</FullName>
          <Methods />
        </Class>
        <Class skippedDueTo="Filter">
          <FullName>Xunit.Sdk.MessageBus</FullName>
          <Methods />
        </Class>
        <Class skippedDueTo="Filter">
          <FullName>Xunit.Sdk.DelegatingMessageBus</FullName>
          <Methods />
        </Class>
        <Class skippedDueTo="Filter">
          <FullName>Xunit.Sdk.DelegatingMessageBus`1</FullName>
          <Methods />
        </Class>
        <Class skippedDueTo="Filter">
          <FullName>Xunit.Sdk.DelegatingMessageSink</FullName>
          <Methods />
        </Class>
        <Class skippedDueTo="Filter">
          <FullName>Xunit.Sdk.DelegatingMessageSink`1</FullName>
          <Methods />
        </Class>
        <Class skippedDueTo="Filter">
          <FullName>Xunit.Sdk.ReflectionAssemblyInfo</FullName>
          <Methods />
        </Class>
        <Class skippedDueTo="Filter">
          <FullName>Xunit.Sdk.ReflectionAssemblyInfo/&lt;&gt;c__DisplayClass10_0</FullName>
          <Methods />
        </Class>
        <Class skippedDueTo="Filter">
          <FullName>Xunit.Sdk.ReflectionAssemblyInfo/&lt;&gt;c</FullName>
          <Methods />
        </Class>
        <Class skippedDueTo="Filter">
          <FullName>Xunit.Sdk.ReflectionAttributeInfo</FullName>
          <Methods />
        </Class>
        <Class skippedDueTo="Filter">
          <FullName>Xunit.Sdk.ReflectionAttributeInfo/&lt;Convert&gt;d__10</FullName>
          <Methods />
        </Class>
        <Class skippedDueTo="Filter">
          <FullName>Xunit.Sdk.ReflectionAttributeInfo/&lt;&gt;c</FullName>
          <Methods />
        </Class>
        <Class skippedDueTo="Filter">
          <FullName>Xunit.Sdk.ReflectionAttributeInfo/&lt;&gt;c__DisplayClass18_0</FullName>
          <Methods />
        </Class>
        <Class skippedDueTo="Filter">
          <FullName>Xunit.Sdk.ReflectionMethodInfo</FullName>
          <Methods />
        </Class>
        <Class skippedDueTo="Filter">
          <FullName>Xunit.Sdk.ReflectionMethodInfo/GenericTypeComparer</FullName>
          <Methods />
        </Class>
        <Class skippedDueTo="Filter">
          <FullName>Xunit.Sdk.ReflectionMethodInfo/&lt;&gt;c</FullName>
          <Methods />
        </Class>
        <Class skippedDueTo="Filter">
          <FullName>Xunit.Sdk.ReflectionParameterInfo</FullName>
          <Methods />
        </Class>
        <Class skippedDueTo="Filter">
          <FullName>Xunit.Sdk.ReflectionTypeInfo</FullName>
          <Methods />
        </Class>
        <Class skippedDueTo="Filter">
          <FullName>Xunit.Sdk.ReflectionTypeInfo/&lt;&gt;c</FullName>
          <Methods />
        </Class>
        <Class skippedDueTo="Filter">
          <FullName>Xunit.Sdk.ReflectionTypeInfo/&lt;&gt;c__DisplayClass25_0</FullName>
          <Methods />
        </Class>
        <Class skippedDueTo="Filter">
          <FullName>Xunit.Sdk.Reflector</FullName>
          <Methods />
        </Class>
        <Class skippedDueTo="Filter">
          <FullName>Xunit.Sdk.Reflector/&lt;&gt;c</FullName>
          <Methods />
        </Class>
        <Class skippedDueTo="Filter">
          <FullName>Xunit.Sdk.SynchronousMessageBus</FullName>
          <Methods />
        </Class>
        <Class skippedDueTo="Filter">
          <FullName>Xunit.Sdk.TestClassException</FullName>
          <Methods />
        </Class>
        <Class skippedDueTo="Filter">
          <FullName>Xunit.Sdk.TestFrameworkTypeDiscoverer</FullName>
          <Methods />
        </Class>
        <Class skippedDueTo="Filter">
          <FullName>Xunit.Sdk.TraitHelper</FullName>
          <Methods />
        </Class>
        <Class skippedDueTo="Filter">
          <FullName>Xunit.Sdk.TraitHelper/&lt;&gt;c</FullName>
          <Methods />
        </Class>
        <Class skippedDueTo="Filter">
          <FullName>Xunit.Sdk.TypeUtility</FullName>
          <Methods />
        </Class>
        <Class skippedDueTo="Filter">
          <FullName>Xunit.Sdk.AsyncManualResetEvent</FullName>
          <Methods />
        </Class>
        <Class skippedDueTo="Filter">
          <FullName>Xunit.Sdk.CollectionExtensions</FullName>
          <Methods />
        </Class>
        <Class skippedDueTo="Filter">
          <FullName>Xunit.Sdk.CommonTasks</FullName>
          <Methods />
        </Class>
        <Class skippedDueTo="Filter">
          <FullName>Xunit.Sdk.Pack</FullName>
          <Methods />
        </Class>
        <Class skippedDueTo="Filter">
          <FullName>Xunit.Sdk.GeneralDigest</FullName>
          <Methods />
        </Class>
        <Class skippedDueTo="Filter">
          <FullName>Xunit.Sdk.Sha1Digest</FullName>
          <Methods />
        </Class>
        <Class skippedDueTo="Filter">
          <FullName>Xunit.Sdk.AfterTestFinished</FullName>
          <Methods />
        </Class>
        <Class skippedDueTo="Filter">
          <FullName>Xunit.Sdk.AfterTestStarting</FullName>
          <Methods />
        </Class>
        <Class skippedDueTo="Filter">
          <FullName>Xunit.Sdk.TestAssemblyMessage</FullName>
          <Methods />
        </Class>
        <Class skippedDueTo="Filter">
          <FullName>Xunit.Sdk.TestCaseMessage</FullName>
          <Methods />
        </Class>
        <Class skippedDueTo="Filter">
          <FullName>Xunit.Sdk.TestClassMessage</FullName>
          <Methods />
        </Class>
        <Class skippedDueTo="Filter">
          <FullName>Xunit.Sdk.TestCollectionMessage</FullName>
          <Methods />
        </Class>
        <Class skippedDueTo="Filter">
          <FullName>Xunit.Sdk.TestMessage</FullName>
          <Methods />
        </Class>
        <Class skippedDueTo="Filter">
          <FullName>Xunit.Sdk.TestMethodMessage</FullName>
          <Methods />
        </Class>
        <Class skippedDueTo="Filter">
          <FullName>Xunit.Sdk.TestResultMessage</FullName>
          <Methods />
        </Class>
        <Class skippedDueTo="Filter">
          <FullName>Xunit.Sdk.BeforeTestFinished</FullName>
          <Methods />
        </Class>
        <Class skippedDueTo="Filter">
          <FullName>Xunit.Sdk.BeforeTestStarting</FullName>
          <Methods />
        </Class>
        <Class skippedDueTo="Filter">
          <FullName>Xunit.Sdk.DiagnosticMessage</FullName>
          <Methods />
        </Class>
        <Class skippedDueTo="Filter">
          <FullName>Xunit.Sdk.DiscoveryCompleteMessage</FullName>
          <Methods />
        </Class>
        <Class skippedDueTo="Filter">
          <FullName>Xunit.Sdk.ErrorMessage</FullName>
          <Methods />
        </Class>
        <Class skippedDueTo="Filter">
          <FullName>Xunit.Sdk.TestAssemblyCleanupFailure</FullName>
          <Methods />
        </Class>
        <Class skippedDueTo="Filter">
          <FullName>Xunit.Sdk.TestAssemblyFinished</FullName>
          <Methods />
        </Class>
        <Class skippedDueTo="Filter">
          <FullName>Xunit.Sdk.TestAssemblyStarting</FullName>
          <Methods />
        </Class>
        <Class skippedDueTo="Filter">
          <FullName>Xunit.Sdk.TestCaseCleanupFailure</FullName>
          <Methods />
        </Class>
        <Class skippedDueTo="Filter">
          <FullName>Xunit.Sdk.TestCaseDiscoveryMessage</FullName>
          <Methods />
        </Class>
        <Class skippedDueTo="Filter">
          <FullName>Xunit.Sdk.TestCaseFinished</FullName>
          <Methods />
        </Class>
        <Class skippedDueTo="Filter">
          <FullName>Xunit.Sdk.TestCaseStarting</FullName>
          <Methods />
        </Class>
        <Class skippedDueTo="Filter">
          <FullName>Xunit.Sdk.TestClassCleanupFailure</FullName>
          <Methods />
        </Class>
        <Class skippedDueTo="Filter">
          <FullName>Xunit.Sdk.TestClassConstructionFinished</FullName>
          <Methods />
        </Class>
        <Class skippedDueTo="Filter">
          <FullName>Xunit.Sdk.TestClassConstructionStarting</FullName>
          <Methods />
        </Class>
        <Class skippedDueTo="Filter">
          <FullName>Xunit.Sdk.TestClassDisposeFinished</FullName>
          <Methods />
        </Class>
        <Class skippedDueTo="Filter">
          <FullName>Xunit.Sdk.TestClassDisposeStarting</FullName>
          <Methods />
        </Class>
        <Class skippedDueTo="Filter">
          <FullName>Xunit.Sdk.TestClassFinished</FullName>
          <Methods />
        </Class>
        <Class skippedDueTo="Filter">
          <FullName>Xunit.Sdk.TestClassStarting</FullName>
          <Methods />
        </Class>
        <Class skippedDueTo="Filter">
          <FullName>Xunit.Sdk.TestCleanupFailure</FullName>
          <Methods />
        </Class>
        <Class skippedDueTo="Filter">
          <FullName>Xunit.Sdk.TestCollectionCleanupFailure</FullName>
          <Methods />
        </Class>
        <Class skippedDueTo="Filter">
          <FullName>Xunit.Sdk.TestCollectionFinished</FullName>
          <Methods />
        </Class>
        <Class skippedDueTo="Filter">
          <FullName>Xunit.Sdk.TestCollectionStarting</FullName>
          <Methods />
        </Class>
        <Class skippedDueTo="Filter">
          <FullName>Xunit.Sdk.TestFailed</FullName>
          <Methods />
        </Class>
        <Class skippedDueTo="Filter">
          <FullName>Xunit.Sdk.TestFinished</FullName>
          <Methods />
        </Class>
        <Class skippedDueTo="Filter">
          <FullName>Xunit.Sdk.TestMethodCleanupFailure</FullName>
          <Methods />
        </Class>
        <Class skippedDueTo="Filter">
          <FullName>Xunit.Sdk.TestMethodFinished</FullName>
          <Methods />
        </Class>
        <Class skippedDueTo="Filter">
          <FullName>Xunit.Sdk.TestMethodStarting</FullName>
          <Methods />
        </Class>
        <Class skippedDueTo="Filter">
          <FullName>Xunit.Sdk.TestOutput</FullName>
          <Methods />
        </Class>
        <Class skippedDueTo="Filter">
          <FullName>Xunit.Sdk.TestPassed</FullName>
          <Methods />
        </Class>
        <Class skippedDueTo="Filter">
          <FullName>Xunit.Sdk.TestSkipped</FullName>
          <Methods />
        </Class>
        <Class skippedDueTo="Filter">
          <FullName>Xunit.Sdk.TestStarting</FullName>
          <Methods />
        </Class>
      </Classes>
    </Module>
    <Module skippedDueTo="MissingPdb" hash="9E-A9-5D-7F-86-82-4D-02-7D-07-AD-C0-17-06-5D-73-8F-1F-28-44">
      <ModulePath>C:\Users\Michal\AppData\Local\Temp\b35a2ca1-9104-46ee-ba4b-2bf62929abd7\b35a2ca1-9104-46ee-ba4b-2bf62929abd7\assembly\dl3\2d5026a4\3e41574e_3dcfd201\xunit.abstractions.dll</ModulePath>
      <ModuleTime>2017-05-18T19:28:26.2813011Z</ModuleTime>
      <ModuleName>xunit.abstractions</ModuleName>
      <Classes />
    </Module>
    <Module skippedDueTo="Filter" hash="79-2F-E4-81-15-23-A9-72-6E-4B-61-08-E7-03-D3-3D-F2-DA-F6-11">
      <ModulePath>C:\WINDOWS\Microsoft.Net\assembly\GAC_MSIL\System\v4.0_4.0.0.0__b77a5c561934e089\System.dll</ModulePath>
      <ModuleTime>2017-04-27T21:18:08.4447074Z</ModuleTime>
      <ModuleName>System</ModuleName>
      <Classes />
    </Module>
    <Module skippedDueTo="Filter" hash="DB-99-06-A8-3B-9D-4F-3E-9D-C9-D5-83-15-15-18-C7-27-D9-64-19">
      <ModulePath>C:\Users\Michal\AppData\Local\Temp\b35a2ca1-9104-46ee-ba4b-2bf62929abd7\b35a2ca1-9104-46ee-ba4b-2bf62929abd7\assembly\dl3\e9036cda\86f0269f_0cd0d201\OpenCover.Tests.dll</ModulePath>
      <ModuleTime>2017-05-18T19:28:26.3524949Z</ModuleTime>
      <ModuleName>OpenCover.Tests</ModuleName>
      <Classes />
    </Module>
    <Module hash="9F-06-B1-CA-CB-A0-C1-4D-45-F5-AA-8F-72-C0-DF-0F-F4-EF-29-CF">
      <Summary numSequencePoints="0" visitedSequencePoints="0" numBranchPoints="0" visitedBranchPoints="0" sequenceCoverage="0" branchCoverage="0" maxCyclomaticComplexity="0" minCyclomaticComplexity="0" visitedClasses="0" numClasses="0" visitedMethods="0" numMethods="0" />
      <ModulePath>C:\Users\Michal\AppData\Local\Temp\b35a2ca1-9104-46ee-ba4b-2bf62929abd7\b35a2ca1-9104-46ee-ba4b-2bf62929abd7\assembly\dl3\c6dfd2ea\a1125d4e_3dcfd201\xunit.core.dll</ModulePath>
      <ModuleTime>2017-05-18T19:28:26.4538366Z</ModuleTime>
      <ModuleName>xunit.core</ModuleName>
      <Files />
      <Classes>
        <Class skippedDueTo="Filter">
          <FullName>&lt;Module&gt;</FullName>
          <Methods />
        </Class>
        <Class skippedDueTo="Filter">
          <FullName>&lt;&gt;f__AnonymousType0`2</FullName>
          <Methods />
        </Class>
        <Class skippedDueTo="Filter">
          <FullName>ExceptionExtensions</FullName>
          <Methods />
        </Class>
        <Class skippedDueTo="Filter">
          <FullName>Guard</FullName>
          <Methods />
        </Class>
        <Class skippedDueTo="Filter">
          <FullName>Xunit.ClassDataAttribute</FullName>
          <Methods />
        </Class>
        <Class skippedDueTo="Filter">
          <FullName>Xunit.CollectionAttribute</FullName>
          <Methods />
        </Class>
        <Class skippedDueTo="Filter">
          <FullName>Xunit.CollectionBehaviorAttribute</FullName>
          <Methods />
        </Class>
        <Class skippedDueTo="Filter">
          <FullName>Xunit.CollectionDefinitionAttribute</FullName>
          <Methods />
        </Class>
        <Class skippedDueTo="Filter">
          <FullName>Xunit.FactAttribute</FullName>
          <Methods />
        </Class>
        <Class skippedDueTo="Filter">
          <FullName>Xunit.InlineDataAttribute</FullName>
          <Methods />
        </Class>
        <Class skippedDueTo="Filter">
          <FullName>Xunit.MemberDataAttribute</FullName>
          <Methods />
        </Class>
        <Class skippedDueTo="Filter">
          <FullName>Xunit.MemberDataAttributeBase</FullName>
          <Methods />
        </Class>
        <Class skippedDueTo="Filter">
          <FullName>Xunit.MemberDataAttributeBase/&lt;&gt;c__DisplayClass17_0</FullName>
          <Methods />
        </Class>
        <Class skippedDueTo="Filter">
          <FullName>Xunit.MemberDataAttributeBase/&lt;&gt;c</FullName>
          <Methods />
        </Class>
        <Class skippedDueTo="Filter">
          <FullName>Xunit.MemberDataAttributeBase/&lt;&gt;c__DisplayClass19_0</FullName>
          <Methods />
        </Class>
        <Class skippedDueTo="Filter">
          <FullName>Xunit.MemberDataAttributeBase/&lt;&gt;c__DisplayClass20_0</FullName>
          <Methods />
        </Class>
        <Class skippedDueTo="Filter">
          <FullName>Xunit.MemberDataAttributeBase/&lt;&gt;c__DisplayClass21_0</FullName>
          <Methods />
        </Class>
        <Class skippedDueTo="Filter">
          <FullName>Xunit.Record</FullName>
          <Methods />
        </Class>
        <Class skippedDueTo="Filter">
          <FullName>Xunit.TestCollectionOrdererAttribute</FullName>
          <Methods />
        </Class>
        <Class skippedDueTo="Filter">
          <FullName>Xunit.TestCaseOrdererAttribute</FullName>
          <Methods />
        </Class>
        <Class skippedDueTo="Filter">
          <FullName>Xunit.TestFrameworkAttribute</FullName>
          <Methods />
        </Class>
        <Class skippedDueTo="Filter">
          <FullName>Xunit.TheoryAttribute</FullName>
          <Methods />
        </Class>
        <Class skippedDueTo="Filter">
          <FullName>Xunit.TheoryData</FullName>
          <Methods />
        </Class>
        <Class skippedDueTo="Filter">
          <FullName>Xunit.TheoryData`1</FullName>
          <Methods />
        </Class>
        <Class skippedDueTo="Filter">
          <FullName>Xunit.TheoryData`2</FullName>
          <Methods />
        </Class>
        <Class skippedDueTo="Filter">
          <FullName>Xunit.TheoryData`3</FullName>
          <Methods />
        </Class>
        <Class skippedDueTo="Filter">
          <FullName>Xunit.TheoryData`4</FullName>
          <Methods />
        </Class>
        <Class skippedDueTo="Filter">
          <FullName>Xunit.TheoryData`5</FullName>
          <Methods />
        </Class>
        <Class skippedDueTo="Filter">
          <FullName>Xunit.TraitAttribute</FullName>
          <Methods />
        </Class>
        <Class skippedDueTo="Filter">
          <FullName>Xunit.Extensions.PropertyDataAttribute</FullName>
          <Methods />
        </Class>
        <Class skippedDueTo="Filter">
          <FullName>Xunit.Sdk.ArgumentFormatter</FullName>
          <Methods />
        </Class>
        <Class skippedDueTo="Filter">
          <FullName>Xunit.Sdk.ArgumentFormatter/&lt;&gt;c__DisplayClass9_0</FullName>
          <Methods />
        </Class>
        <Class skippedDueTo="Filter">
          <FullName>Xunit.Sdk.ArgumentFormatter/&lt;&gt;c__DisplayClass9_1</FullName>
          <Methods />
        </Class>
        <Class skippedDueTo="Filter">
          <FullName>Xunit.Sdk.ArgumentFormatter/&lt;&gt;c__DisplayClass9_2</FullName>
          <Methods />
        </Class>
        <Class skippedDueTo="Filter">
          <FullName>Xunit.Sdk.ArgumentFormatter/&lt;&gt;c</FullName>
          <Methods />
        </Class>
        <Class skippedDueTo="Filter">
          <FullName>Xunit.Sdk.ArgumentFormatter/&lt;&gt;c__DisplayClass10_0</FullName>
          <Methods />
        </Class>
        <Class skippedDueTo="Filter">
          <FullName>Xunit.Sdk.AssertEqualityComparer`1</FullName>
          <Methods />
        </Class>
        <Class skippedDueTo="Filter">
          <FullName>Xunit.Sdk.AssertEqualityComparer`1/&lt;&gt;c__DisplayClass4_0</FullName>
          <Methods />
        </Class>
        <Class skippedDueTo="Filter">
          <FullName>Xunit.Sdk.AssertEqualityComparerAdapter`1</FullName>
          <Methods />
        </Class>
        <Class skippedDueTo="Filter">
          <FullName>Xunit.Sdk.BeforeAfterTestAttribute</FullName>
          <Methods />
        </Class>
        <Class skippedDueTo="Filter">
          <FullName>Xunit.Sdk.DataAttribute</FullName>
          <Methods />
        </Class>
        <Class skippedDueTo="Filter">
          <FullName>Xunit.Sdk.MemberDataDiscoverer</FullName>
          <Methods />
        </Class>
        <Class skippedDueTo="Filter">
          <FullName>Xunit.Sdk.DataDiscoverer</FullName>
          <Methods />
        </Class>
        <Class skippedDueTo="Filter">
          <FullName>Xunit.Sdk.DataDiscovererAttribute</FullName>
          <Methods />
        </Class>
        <Class skippedDueTo="Filter">
          <FullName>Xunit.Sdk.ExceptionAggregator</FullName>
          <Methods />
        </Class>
        <Class skippedDueTo="Filter">
          <FullName>Xunit.Sdk.InlineDataDiscoverer</FullName>
          <Methods />
        </Class>
        <Class skippedDueTo="Filter">
          <FullName>Xunit.Sdk.PlatformSpecificAssemblyAttribute</FullName>
          <Methods />
        </Class>
        <Class skippedDueTo="Filter">
          <FullName>Xunit.Sdk.RunSummary</FullName>
          <Methods />
        </Class>
        <Class skippedDueTo="Filter">
          <FullName>Xunit.Sdk.TestFrameworkDiscovererAttribute</FullName>
          <Methods />
        </Class>
        <Class skippedDueTo="Filter">
          <FullName>Xunit.Sdk.XunitTestCaseDiscovererAttribute</FullName>
          <Methods />
        </Class>
        <Class skippedDueTo="Filter">
          <FullName>Xunit.Sdk.TraitDiscoverer</FullName>
          <Methods />
        </Class>
        <Class skippedDueTo="Filter">
          <FullName>Xunit.Sdk.TraitDiscoverer/&lt;GetTraits&gt;d__0</FullName>
          <Methods />
        </Class>
        <Class skippedDueTo="Filter">
          <FullName>Xunit.Sdk.TraitDiscovererAttribute</FullName>
          <Methods />
        </Class>
      </Classes>
    </Module>
    <Module skippedDueTo="Filter" hash="31-3D-D1-85-09-9C-43-A7-23-8A-38-24-7D-DF-57-1C-3F-E8-84-30">
      <ModulePath>C:\WINDOWS\Microsoft.Net\assembly\GAC_MSIL\System.Core\v4.0_4.0.0.0__b77a5c561934e089\System.Core.dll</ModulePath>
      <ModuleTime>2017-04-27T21:18:08.2884441Z</ModuleTime>
      <ModuleName>System.Core</ModuleName>
      <Classes />
    </Module>
    <Module skippedDueTo="Filter" hash="63-02-4A-CB-0D-89-B1-A5-EB-F8-7B-AB-52-77-A5-45-B8-9D-6B-8F">
      <ModulePath>C:\WINDOWS\Microsoft.Net\assembly\GAC_MSIL\System.Runtime\v4.0_4.0.0.0__b03f5f7f11d50a3a\System.Runtime.dll</ModulePath>
      <ModuleTime>2017-03-18T20:59:43.9469001Z</ModuleTime>
      <ModuleName>System.Runtime</ModuleName>
      <Classes />
    </Module>
    <Module skippedDueTo="Filter" hash="28-C7-F1-D2-B6-62-A4-31-36-3F-31-93-5D-F9-9F-81-C1-48-1A-D4">
      <ModulePath>C:\WINDOWS\Microsoft.Net\assembly\GAC_MSIL\System.Threading.Tasks\v4.0_4.0.0.0__b03f5f7f11d50a3a\System.Threading.Tasks.dll</ModulePath>
      <ModuleTime>2017-03-18T20:59:48.0566246Z</ModuleTime>
      <ModuleName>System.Threading.Tasks</ModuleName>
      <Classes />
    </Module>
    <Module skippedDueTo="Filter" hash="2F-2D-15-1B-6D-49-89-92-78-0A-0D-90-DB-18-08-79-54-D3-E6-67">
      <ModulePath>C:\WINDOWS\Microsoft.Net\assembly\GAC_MSIL\System.Collections\v4.0_4.0.0.0__b03f5f7f11d50a3a\System.Collections.dll</ModulePath>
      <ModuleTime>2017-03-18T20:59:46.0564541Z</ModuleTime>
      <ModuleName>System.Collections</ModuleName>
      <Classes />
    </Module>
    <Module hash="8B-58-E3-80-44-B8-97-4A-F9-51-BC-59-B5-27-C3-C6-A0-B9-3C-FB">
      <Summary numSequencePoints="40" visitedSequencePoints="16" numBranchPoints="22" visitedBranchPoints="6" sequenceCoverage="40" branchCoverage="27.27" maxCyclomaticComplexity="4" minCyclomaticComplexity="1" visitedClasses="2" numClasses="5" visitedMethods="4" numMethods="10" />
      <ModulePath>C:\Users\Michal\AppData\Local\Temp\b35a2ca1-9104-46ee-ba4b-2bf62929abd7\b35a2ca1-9104-46ee-ba4b-2bf62929abd7\assembly\dl3\080c14a9\18a3779e_0cd0d201\BestPractices.dll</ModulePath>
      <ModuleTime>2017-05-18T19:28:27.3674804Z</ModuleTime>
      <ModuleName>BestPractices</ModuleName>
      <Files>
        <File uid="1" fullPath="C:\Code\InfoMeet-2017---Katowice\source\7. Code coverage\UnitTestsTrainingSamples\BestPractices\StartPoint\TimeOfDayProvider.cs" />
        <File uid="2" fullPath="C:\Code\InfoMeet-2017---Katowice\source\7. Code coverage\UnitTestsTrainingSamples\BestPractices\StartPoint\YearProvider.cs" />
        <File uid="3" fullPath="C:\Code\InfoMeet-2017---Katowice\source\7. Code coverage\UnitTestsTrainingSamples\BestPractices\AfterRefactoring\BetterYearProvider.cs" />
        <File uid="4" fullPath="C:\Code\InfoMeet-2017---Katowice\source\7. Code coverage\UnitTestsTrainingSamples\BestPractices\AfterRefactoring\BetterTimeOfDayProvider.cs" />
        <File uid="5" fullPath="C:\Code\InfoMeet-2017---Katowice\source\7. Code coverage\UnitTestsTrainingSamples\BestPractices\AfterRefactoring\DateTimeProvider.cs" />
      </Files>
      <Classes>
        <Class skippedDueTo="Filter">
          <FullName>&lt;Module&gt;</FullName>
          <Methods />
        </Class>
        <Class>
          <Summary numSequencePoints="13" visitedSequencePoints="0" numBranchPoints="7" visitedBranchPoints="0" sequenceCoverage="0" branchCoverage="0" maxCyclomaticComplexity="4" minCyclomaticComplexity="1" visitedClasses="0" numClasses="1" visitedMethods="0" numMethods="1" />
          <FullName>BestPractices.StartPoint.TimeOfDayProvider</FullName>
          <Methods>
            <Method visited="false" cyclomaticComplexity="4" nPathComplexity="8" sequenceCoverage="0" branchCoverage="0" isConstructor="false" isStatic="false" isGetter="true" isSetter="false">
              <Summary numSequencePoints="13" visitedSequencePoints="0" numBranchPoints="7" visitedBranchPoints="0" sequenceCoverage="0" branchCoverage="0" maxCyclomaticComplexity="4" minCyclomaticComplexity="4" visitedClasses="0" numClasses="0" visitedMethods="0" numMethods="1" />
              <MetadataToken>100663297</MetadataToken>
              <Name>BestPractices.TimeOfDay BestPractices.StartPoint.TimeOfDayProvider::get_TimeOfDay()</Name>
              <FileRef uid="1" />
              <SequencePoints>
                <SequencePoint vc="0" uspid="1" ordinal="0" offset="0" sl="10" sc="13" el="10" ec="14" bec="0" bev="0" fileid="1" />
                <SequencePoint vc="0" uspid="2" ordinal="1" offset="1" sl="11" sc="17" el="11" ec="48" bec="0" bev="0" fileid="1" />
                <SequencePoint vc="0" uspid="3" ordinal="2" offset="7" sl="12" sc="17" el="12" ec="42" bec="2" bev="0" fileid="1" />
                <SequencePoint vc="0" uspid="4" ordinal="3" offset="21" sl="13" sc="17" el="13" ec="18" bec="0" bev="0" fileid="1" />
                <SequencePoint vc="0" uspid="5" ordinal="4" offset="22" sl="14" sc="21" el="14" ec="44" bec="0" bev="0" fileid="1" />
                <SequencePoint vc="0" uspid="6" ordinal="5" offset="26" sl="17" sc="17" el="17" ec="43" bec="2" bev="0" fileid="1" />
                <SequencePoint vc="0" uspid="7" ordinal="6" offset="41" sl="18" sc="17" el="18" ec="18" bec="0" bev="0" fileid="1" />
                <SequencePoint vc="0" uspid="8" ordinal="7" offset="42" sl="19" sc="21" el="19" ec="46" bec="0" bev="0" fileid="1" />
                <SequencePoint vc="0" uspid="9" ordinal="8" offset="46" sl="22" sc="17" el="22" ec="43" bec="2" bev="0" fileid="1" />
                <SequencePoint vc="0" uspid="10" ordinal="9" offset="63" sl="23" sc="17" el="23" ec="18" bec="0" bev="0" fileid="1" />
                <SequencePoint vc="0" uspid="11" ordinal="10" offset="64" sl="24" sc="21" el="24" ec="48" bec="0" bev="0" fileid="1" />
                <SequencePoint vc="0" uspid="12" ordinal="11" offset="68" sl="27" sc="17" el="27" ec="42" bec="0" bev="0" fileid="1" />
                <SequencePoint vc="0" uspid="13" ordinal="12" offset="72" sl="28" sc="13" el="28" ec="14" bec="0" bev="0" fileid="1" />
              </SequencePoints>
              <BranchPoints>
                <BranchPoint vc="0" uspid="14" ordinal="0" offset="19" sl="12" path="0" offsetend="21" fileid="1" />
                <BranchPoint vc="0" uspid="15" ordinal="1" offset="19" sl="12" path="1" offsetend="26" fileid="1" />
                <BranchPoint vc="0" uspid="16" ordinal="2" offset="39" sl="17" path="0" offsetend="41" fileid="1" />
                <BranchPoint vc="0" uspid="17" ordinal="3" offset="39" sl="17" path="1" offsetend="46" fileid="1" />
                <BranchPoint vc="0" uspid="18" ordinal="4" offset="61" sl="22" path="0" offsetend="63" fileid="1" />
                <BranchPoint vc="0" uspid="19" ordinal="5" offset="61" sl="22" path="1" offsetend="68" fileid="1" />
              </BranchPoints>
              <MethodPoint xsi:type="SequencePoint" vc="0" uspid="1" ordinal="0" offset="0" sl="10" sc="13" el="10" ec="14" bec="0" bev="0" fileid="1" />
            </Method>
            <Method visited="false" cyclomaticComplexity="1" nPathComplexity="0" sequenceCoverage="0" branchCoverage="0" isConstructor="true" isStatic="false" isGetter="false" isSetter="false">
              <Summary numSequencePoints="0" visitedSequencePoints="0" numBranchPoints="0" visitedBranchPoints="0" sequenceCoverage="0" branchCoverage="0" maxCyclomaticComplexity="1" minCyclomaticComplexity="1" visitedClasses="0" numClasses="0" visitedMethods="0" numMethods="0" />
              <MetadataToken>100663298</MetadataToken>
              <Name>System.Void BestPractices.StartPoint.TimeOfDayProvider::.ctor()</Name>
              <SequencePoints />
              <BranchPoints />
              <MethodPoint vc="0" uspid="20" ordinal="0" offset="0" />
            </Method>
          </Methods>
        </Class>
        <Class>
          <Summary numSequencePoints="2" visitedSequencePoints="0" numBranchPoints="2" visitedBranchPoints="0" sequenceCoverage="0" branchCoverage="0" maxCyclomaticComplexity="1" minCyclomaticComplexity="1" visitedClasses="0" numClasses="1" visitedMethods="0" numMethods="2" />
          <FullName>BestPractices.StartPoint.YearProvider</FullName>
          <Methods>
            <Method visited="false" cyclomaticComplexity="1" nPathComplexity="0" sequenceCoverage="0" branchCoverage="0" isConstructor="false" isStatic="false" isGetter="true" isSetter="false">
              <Summary numSequencePoints="1" visitedSequencePoints="0" numBranchPoints="1" visitedBranchPoints="0" sequenceCoverage="0" branchCoverage="0" maxCyclomaticComplexity="1" minCyclomaticComplexity="1" visitedClasses="0" numClasses="0" visitedMethods="0" numMethods="1" />
              <MetadataToken>100663299</MetadataToken>
              <Name>System.Int32 BestPractices.StartPoint.YearProvider::get_CurrentYear()</Name>
              <FileRef uid="2" />
              <SequencePoints>
                <SequencePoint vc="0" uspid="21" ordinal="0" offset="0" sl="7" sc="35" el="7" ec="52" bec="0" bev="0" fileid="2" />
              </SequencePoints>
              <BranchPoints />
              <MethodPoint xsi:type="SequencePoint" vc="0" uspid="21" ordinal="0" offset="0" sl="7" sc="35" el="7" ec="52" bec="0" bev="0" fileid="2" />
            </Method>
            <Method visited="false" cyclomaticComplexity="1" nPathComplexity="0" sequenceCoverage="0" branchCoverage="0" isConstructor="false" isStatic="false" isGetter="true" isSetter="false">
              <Summary numSequencePoints="1" visitedSequencePoints="0" numBranchPoints="1" visitedBranchPoints="0" sequenceCoverage="0" branchCoverage="0" maxCyclomaticComplexity="1" minCyclomaticComplexity="1" visitedClasses="0" numClasses="0" visitedMethods="0" numMethods="1" />
              <MetadataToken>100663300</MetadataToken>
              <Name>System.Int32 BestPractices.StartPoint.YearProvider::get_NextYear()</Name>
              <FileRef uid="2" />
              <SequencePoints>
                <SequencePoint vc="0" uspid="22" ordinal="0" offset="0" sl="9" sc="32" el="9" ec="52" bec="0" bev="0" fileid="2" />
              </SequencePoints>
              <BranchPoints />
              <MethodPoint xsi:type="SequencePoint" vc="0" uspid="22" ordinal="0" offset="0" sl="9" sc="32" el="9" ec="52" bec="0" bev="0" fileid="2" />
            </Method>
            <Method visited="false" cyclomaticComplexity="1" nPathComplexity="0" sequenceCoverage="0" branchCoverage="0" isConstructor="true" isStatic="false" isGetter="false" isSetter="false">
              <Summary numSequencePoints="0" visitedSequencePoints="0" numBranchPoints="0" visitedBranchPoints="0" sequenceCoverage="0" branchCoverage="0" maxCyclomaticComplexity="1" minCyclomaticComplexity="1" visitedClasses="0" numClasses="0" visitedMethods="0" numMethods="0" />
              <MetadataToken>100663301</MetadataToken>
              <Name>System.Void BestPractices.StartPoint.YearProvider::.ctor()</Name>
              <SequencePoints />
              <BranchPoints />
              <MethodPoint vc="0" uspid="23" ordinal="0" offset="0" />
            </Method>
          </Methods>
        </Class>
        <Class>
          <Summary numSequencePoints="7" visitedSequencePoints="5" numBranchPoints="4" visitedBranchPoints="2" sequenceCoverage="71.43" branchCoverage="50" maxCyclomaticComplexity="3" minCyclomaticComplexity="1" visitedClasses="1" numClasses="1" visitedMethods="2" numMethods="4" />
          <FullName>BestPractices.AfterRefactoring.BetterYearProvider</FullName>
          <Methods>
            <Method visited="true" cyclomaticComplexity="1" nPathComplexity="0" sequenceCoverage="100" branchCoverage="100" isConstructor="false" isStatic="false" isGetter="true" isSetter="false">
              <Summary numSequencePoints="1" visitedSequencePoints="1" numBranchPoints="1" visitedBranchPoints="1" sequenceCoverage="100" branchCoverage="100" maxCyclomaticComplexity="1" minCyclomaticComplexity="1" visitedClasses="0" numClasses="0" visitedMethods="1" numMethods="1" />
              <MetadataToken>100663303</MetadataToken>
              <Name>System.Int32 BestPractices.AfterRefactoring.BetterYearProvider::get_CurrentYear()</Name>
              <FileRef uid="3" />
              <SequencePoints>
                <SequencePoint vc="1" uspid="24" ordinal="0" offset="0" sl="12" sc="35" el="12" ec="65" bec="0" bev="0" fileid="3" />
              </SequencePoints>
              <BranchPoints />
              <MethodPoint xsi:type="SequencePoint" vc="1" uspid="24" ordinal="0" offset="0" sl="12" sc="35" el="12" ec="65" bec="0" bev="0" fileid="3" />
            </Method>
            <Method visited="false" cyclomaticComplexity="1" nPathComplexity="0" sequenceCoverage="0" branchCoverage="0" isConstructor="false" isStatic="false" isGetter="true" isSetter="false">
              <Summary numSequencePoints="1" visitedSequencePoints="0" numBranchPoints="1" visitedBranchPoints="0" sequenceCoverage="0" branchCoverage="0" maxCyclomaticComplexity="1" minCyclomaticComplexity="1" visitedClasses="0" numClasses="0" visitedMethods="0" numMethods="1" />
              <MetadataToken>100663304</MetadataToken>
              <Name>System.Int32 BestPractices.AfterRefactoring.BetterYearProvider::get_NextYear()</Name>
              <FileRef uid="3" />
              <SequencePoints>
                <SequencePoint vc="0" uspid="25" ordinal="0" offset="0" sl="14" sc="32" el="14" ec="52" bec="0" bev="0" fileid="3" />
              </SequencePoints>
              <BranchPoints />
              <MethodPoint xsi:type="SequencePoint" vc="0" uspid="25" ordinal="0" offset="0" sl="14" sc="32" el="14" ec="52" bec="0" bev="0" fileid="3" />
            </Method>
            <Method visited="false" cyclomaticComplexity="3" nPathComplexity="0" sequenceCoverage="0" branchCoverage="0" isConstructor="false" isStatic="false" isGetter="true" isSetter="false">
              <Summary numSequencePoints="1" visitedSequencePoints="0" numBranchPoints="1" visitedBranchPoints="0" sequenceCoverage="0" branchCoverage="0" maxCyclomaticComplexity="3" minCyclomaticComplexity="3" visitedClasses="0" numClasses="0" visitedMethods="0" numMethods="1" />
              <MetadataToken>100663305</MetadataToken>
              <Name>System.Boolean BestPractices.AfterRefactoring.BetterYearProvider::get_IsLeap()</Name>
              <FileRef uid="3" />
              <SequencePoints>
                <SequencePoint vc="0" uspid="26" ordinal="0" offset="0" sl="16" sc="31" el="16" ec="122" bec="0" bev="0" fileid="3" />
              </SequencePoints>
              <BranchPoints />
              <MethodPoint xsi:type="SequencePoint" vc="0" uspid="26" ordinal="0" offset="0" sl="16" sc="31" el="16" ec="122" bec="0" bev="0" fileid="3" />
            </Method>
            <Method visited="true" cyclomaticComplexity="1" nPathComplexity="0" sequenceCoverage="100" branchCoverage="100" isConstructor="true" isStatic="false" isGetter="false" isSetter="false">
              <Summary numSequencePoints="4" visitedSequencePoints="4" numBranchPoints="1" visitedBranchPoints="1" sequenceCoverage="100" branchCoverage="100" maxCyclomaticComplexity="1" minCyclomaticComplexity="1" visitedClasses="0" numClasses="0" visitedMethods="1" numMethods="1" />
              <MetadataToken>100663302</MetadataToken>
              <Name>System.Void BestPractices.AfterRefactoring.BetterYearProvider::.ctor(BestPractices.AfterRefactoring.IDateTimeProvider)</Name>
              <FileRef uid="3" />
              <SequencePoints>
                <SequencePoint vc="1" uspid="31" ordinal="0" offset="0" sl="7" sc="9" el="7" ec="70" bec="0" bev="0" fileid="3" />
                <SequencePoint vc="1" uspid="32" ordinal="1" offset="7" sl="8" sc="9" el="8" ec="10" bec="0" bev="0" fileid="3" />
                <SequencePoint vc="1" uspid="33" ordinal="2" offset="8" sl="9" sc="13" el="9" ec="54" bec="0" bev="0" fileid="3" />
                <SequencePoint vc="1" uspid="34" ordinal="3" offset="15" sl="10" sc="9" el="10" ec="10" bec="0" bev="0" fileid="3" />
              </SequencePoints>
              <BranchPoints />
              <MethodPoint xsi:type="SequencePoint" vc="1" uspid="31" ordinal="0" offset="0" sl="7" sc="9" el="7" ec="70" bec="0" bev="0" fileid="3" />
            </Method>
          </Methods>
        </Class>
        <Class>
          <Summary numSequencePoints="17" visitedSequencePoints="11" numBranchPoints="8" visitedBranchPoints="4" sequenceCoverage="64.71" branchCoverage="50" maxCyclomaticComplexity="4" minCyclomaticComplexity="1" visitedClasses="1" numClasses="1" visitedMethods="2" numMethods="2" />
          <FullName>BestPractices.AfterRefactoring.BetterTimeOfDayProvider</FullName>
          <Methods>
            <Method visited="true" cyclomaticComplexity="4" nPathComplexity="8" sequenceCoverage="53.85" branchCoverage="42.86" isConstructor="false" isStatic="false" isGetter="true" isSetter="false">
              <Summary numSequencePoints="13" visitedSequencePoints="7" numBranchPoints="7" visitedBranchPoints="3" sequenceCoverage="53.85" branchCoverage="42.86" maxCyclomaticComplexity="4" minCyclomaticComplexity="4" visitedClasses="0" numClasses="0" visitedMethods="1" numMethods="1" />
              <MetadataToken>100663307</MetadataToken>
              <Name>BestPractices.TimeOfDay BestPractices.AfterRefactoring.BetterTimeOfDayProvider::get_TimeOfDay()</Name>
              <FileRef uid="4" />
              <SequencePoints>
                <SequencePoint vc="1" uspid="35" ordinal="0" offset="0" sl="17" sc="13" el="17" ec="14" bec="0" bev="0" fileid="4" />
                <SequencePoint vc="1" uspid="36" ordinal="1" offset="1" sl="18" sc="17" el="18" ec="61" bec="0" bev="0" fileid="4" />
                <SequencePoint vc="1" uspid="37" ordinal="2" offset="13" sl="19" sc="17" el="19" ec="42" bec="2" bev="1" fileid="4" />
                <SequencePoint vc="0" uspid="38" ordinal="3" offset="27" sl="20" sc="17" el="20" ec="18" bec="0" bev="0" fileid="4" />
                <SequencePoint vc="0" uspid="39" ordinal="4" offset="28" sl="21" sc="21" el="21" ec="44" bec="0" bev="0" fileid="4" />
                <SequencePoint vc="1" uspid="40" ordinal="5" offset="32" sl="24" sc="17" el="24" ec="43" bec="2" bev="1" fileid="4" />
                <SequencePoint vc="1" uspid="41" ordinal="6" offset="47" sl="25" sc="17" el="25" ec="18" bec="0" bev="0" fileid="4" />
                <SequencePoint vc="1" uspid="42" ordinal="7" offset="48" sl="26" sc="21" el="26" ec="46" bec="0" bev="0" fileid="4" />
                <SequencePoint vc="0" uspid="43" ordinal="8" offset="52" sl="29" sc="17" el="29" ec="43" bec="2" bev="0" fileid="4" />
                <SequencePoint vc="0" uspid="44" ordinal="9" offset="69" sl="30" sc="17" el="30" ec="18" bec="0" bev="0" fileid="4" />
                <SequencePoint vc="0" uspid="45" ordinal="10" offset="70" sl="31" sc="21" el="31" ec="48" bec="0" bev="0" fileid="4" />
                <SequencePoint vc="0" uspid="46" ordinal="11" offset="74" sl="34" sc="17" el="34" ec="42" bec="0" bev="0" fileid="4" />
                <SequencePoint vc="1" uspid="47" ordinal="12" offset="78" sl="35" sc="13" el="35" ec="14" bec="0" bev="0" fileid="4" />
              </SequencePoints>
              <BranchPoints>
                <BranchPoint vc="0" uspid="48" ordinal="0" offset="25" sl="19" path="0" offsetend="27" fileid="4" />
                <BranchPoint vc="1" uspid="49" ordinal="1" offset="25" sl="19" path="1" offsetend="32" fileid="4" />
                <BranchPoint vc="1" uspid="50" ordinal="2" offset="45" sl="24" path="0" offsetend="47" fileid="4" />
                <BranchPoint vc="0" uspid="51" ordinal="3" offset="45" sl="24" path="1" offsetend="52" fileid="4" />
                <BranchPoint vc="0" uspid="52" ordinal="4" offset="67" sl="29" path="0" offsetend="69" fileid="4" />
                <BranchPoint vc="0" uspid="53" ordinal="5" offset="67" sl="29" path="1" offsetend="74" fileid="4" />
              </BranchPoints>
              <MethodPoint xsi:type="SequencePoint" vc="1" uspid="35" ordinal="0" offset="0" sl="17" sc="13" el="17" ec="14" bec="0" bev="0" fileid="4" />
            </Method>
            <Method visited="true" cyclomaticComplexity="1" nPathComplexity="0" sequenceCoverage="100" branchCoverage="100" isConstructor="true" isStatic="false" isGetter="false" isSetter="false">
              <Summary numSequencePoints="4" visitedSequencePoints="4" numBranchPoints="1" visitedBranchPoints="1" sequenceCoverage="100" branchCoverage="100" maxCyclomaticComplexity="1" minCyclomaticComplexity="1" visitedClasses="0" numClasses="0" visitedMethods="1" numMethods="1" />
              <MetadataToken>100663306</MetadataToken>
              <Name>System.Void BestPractices.AfterRefactoring.BetterTimeOfDayProvider::.ctor(BestPractices.AfterRefactoring.IDateTimeProvider)</Name>
              <FileRef uid="4" />
              <SequencePoints>
                <SequencePoint vc="1" uspid="54" ordinal="0" offset="0" sl="9" sc="9" el="9" ec="75" bec="0" bev="0" fileid="4" />
                <SequencePoint vc="1" uspid="55" ordinal="1" offset="7" sl="10" sc="9" el="10" ec="10" bec="0" bev="0" fileid="4" />
                <SequencePoint vc="1" uspid="56" ordinal="2" offset="8" sl="11" sc="13" el="11" ec="54" bec="0" bev="0" fileid="4" />
                <SequencePoint vc="1" uspid="57" ordinal="3" offset="15" sl="12" sc="9" el="12" ec="10" bec="0" bev="0" fileid="4" />
              </SequencePoints>
              <BranchPoints />
              <MethodPoint xsi:type="SequencePoint" vc="1" uspid="54" ordinal="0" offset="0" sl="9" sc="9" el="9" ec="75" bec="0" bev="0" fileid="4" />
            </Method>
          </Methods>
        </Class>
        <Class>
          <Summary numSequencePoints="1" visitedSequencePoints="0" numBranchPoints="1" visitedBranchPoints="0" sequenceCoverage="0" branchCoverage="0" maxCyclomaticComplexity="1" minCyclomaticComplexity="1" visitedClasses="0" numClasses="1" visitedMethods="0" numMethods="1" />
          <FullName>BestPractices.AfterRefactoring.DateTimeProvider</FullName>
          <Methods>
            <Method visited="false" cyclomaticComplexity="1" nPathComplexity="0" sequenceCoverage="0" branchCoverage="0" isConstructor="false" isStatic="false" isGetter="true" isSetter="false">
              <Summary numSequencePoints="1" visitedSequencePoints="0" numBranchPoints="1" visitedBranchPoints="0" sequenceCoverage="0" branchCoverage="0" maxCyclomaticComplexity="1" minCyclomaticComplexity="1" visitedClasses="0" numClasses="0" visitedMethods="0" numMethods="1" />
              <MetadataToken>100663308</MetadataToken>
              <Name>System.DateTime BestPractices.AfterRefactoring.DateTimeProvider::get_Now()</Name>
              <FileRef uid="5" />
              <SequencePoints>
                <SequencePoint vc="0" uspid="58" ordinal="0" offset="0" sl="7" sc="32" el="7" ec="44" bec="0" bev="0" fileid="5" />
              </SequencePoints>
              <BranchPoints />
              <MethodPoint xsi:type="SequencePoint" vc="0" uspid="58" ordinal="0" offset="0" sl="7" sc="32" el="7" ec="44" bec="0" bev="0" fileid="5" />
            </Method>
            <Method visited="false" cyclomaticComplexity="1" nPathComplexity="0" sequenceCoverage="0" branchCoverage="0" isConstructor="true" isStatic="false" isGetter="false" isSetter="false">
              <Summary numSequencePoints="0" visitedSequencePoints="0" numBranchPoints="0" visitedBranchPoints="0" sequenceCoverage="0" branchCoverage="0" maxCyclomaticComplexity="1" minCyclomaticComplexity="1" visitedClasses="0" numClasses="0" visitedMethods="0" numMethods="0" />
              <MetadataToken>100663309</MetadataToken>
              <Name>System.Void BestPractices.AfterRefactoring.DateTimeProvider::.ctor()</Name>
              <SequencePoints />
              <BranchPoints />
              <MethodPoint vc="0" uspid="59" ordinal="0" offset="0" />
            </Method>
          </Methods>
        </Class>
      </Classes>
    </Module>
    <Module skippedDueTo="MissingPdb" hash="5C-82-3D-6B-CB-03-C8-CD-BF-6F-93-63-77-3D-AB-42-83-8E-5F-E4">
      <ModulePath>C:\Users\Michal\AppData\Local\Temp\b35a2ca1-9104-46ee-ba4b-2bf62929abd7\b35a2ca1-9104-46ee-ba4b-2bf62929abd7\assembly\dl3\3de43a7a\f2db2d4e_3dcfd201\Moq.dll</ModulePath>
      <ModuleTime>2017-05-18T19:28:27.3775067Z</ModuleTime>
      <ModuleName>Moq</ModuleName>
      <Classes />
    </Module>
    <Module hash="07-45-D5-E5-64-A5-50-1F-70-A0-AC-85-75-89-96-B5-69-A5-81-0F">
      <Summary numSequencePoints="0" visitedSequencePoints="0" numBranchPoints="0" visitedBranchPoints="0" sequenceCoverage="0" branchCoverage="0" maxCyclomaticComplexity="0" minCyclomaticComplexity="0" visitedClasses="0" numClasses="0" visitedMethods="0" numMethods="0" />
      <ModulePath>C:\Users\Michal\AppData\Local\Temp\b35a2ca1-9104-46ee-ba4b-2bf62929abd7\b35a2ca1-9104-46ee-ba4b-2bf62929abd7\assembly\dl3\6c38839b\2305584e_3dcfd201\xunit.assert.dll</ModulePath>
      <ModuleTime>2017-05-18T19:28:27.5088597Z</ModuleTime>
      <ModuleName>xunit.assert</ModuleName>
      <Files />
      <Classes>
        <Class skippedDueTo="Filter">
          <FullName>&lt;Module&gt;</FullName>
          <Methods />
        </Class>
        <Class skippedDueTo="Filter">
          <FullName>&lt;&gt;f__AnonymousType0`2</FullName>
          <Methods />
        </Class>
        <Class skippedDueTo="Filter">
          <FullName>Xunit.Assert</FullName>
          <Methods />
        </Class>
        <Class skippedDueTo="Filter">
          <FullName>Xunit.Assert/&lt;&gt;c__DisplayClass26_0</FullName>
          <Methods />
        </Class>
        <Class skippedDueTo="Filter">
          <FullName>Xunit.Assert/&lt;&gt;c__27`1</FullName>
          <Methods />
        </Class>
        <Class skippedDueTo="Filter">
          <FullName>Xunit.Assert/&lt;&gt;c__DisplayClass66_0</FullName>
          <Methods />
        </Class>
        <Class skippedDueTo="Filter">
          <FullName>Xunit.Sdk.ArgumentFormatter</FullName>
          <Methods />
        </Class>
        <Class skippedDueTo="Filter">
          <FullName>Xunit.Sdk.ArgumentFormatter/&lt;&gt;c__DisplayClass9_0</FullName>
          <Methods />
        </Class>
        <Class skippedDueTo="Filter">
          <FullName>Xunit.Sdk.ArgumentFormatter/&lt;&gt;c__DisplayClass9_1</FullName>
          <Methods />
        </Class>
        <Class skippedDueTo="Filter">
          <FullName>Xunit.Sdk.ArgumentFormatter/&lt;&gt;c__DisplayClass9_2</FullName>
          <Methods />
        </Class>
        <Class skippedDueTo="Filter">
          <FullName>Xunit.Sdk.ArgumentFormatter/&lt;&gt;c</FullName>
          <Methods />
        </Class>
        <Class skippedDueTo="Filter">
          <FullName>Xunit.Sdk.ArgumentFormatter/&lt;&gt;c__DisplayClass10_0</FullName>
          <Methods />
        </Class>
        <Class skippedDueTo="Filter">
          <FullName>Xunit.Sdk.AssertComparer`1</FullName>
          <Methods />
        </Class>
        <Class skippedDueTo="Filter">
          <FullName>Xunit.Sdk.AssertEqualityComparer`1</FullName>
          <Methods />
        </Class>
        <Class skippedDueTo="Filter">
          <FullName>Xunit.Sdk.AssertEqualityComparer`1/&lt;&gt;c__DisplayClass4_0</FullName>
          <Methods />
        </Class>
        <Class skippedDueTo="Filter">
          <FullName>Xunit.Sdk.AssertEqualityComparerAdapter`1</FullName>
          <Methods />
        </Class>
        <Class skippedDueTo="Filter">
          <FullName>Xunit.Sdk.AssertActualExpectedException</FullName>
          <Methods />
        </Class>
        <Class skippedDueTo="Filter">
          <FullName>Xunit.Sdk.AssertActualExpectedException/&lt;&gt;c</FullName>
          <Methods />
        </Class>
        <Class skippedDueTo="Filter">
          <FullName>Xunit.Sdk.AssertCollectionCountException</FullName>
          <Methods />
        </Class>
        <Class skippedDueTo="Filter">
          <FullName>Xunit.Sdk.CollectionException</FullName>
          <Methods />
        </Class>
        <Class skippedDueTo="Filter">
          <FullName>Xunit.Sdk.CollectionException/&lt;&gt;c</FullName>
          <Methods />
        </Class>
        <Class skippedDueTo="Filter">
          <FullName>Xunit.Sdk.AllException</FullName>
          <Methods />
        </Class>
        <Class skippedDueTo="Filter">
          <FullName>Xunit.Sdk.AllException/&lt;&gt;c</FullName>
          <Methods />
        </Class>
        <Class skippedDueTo="Filter">
          <FullName>Xunit.Sdk.ContainsException</FullName>
          <Methods />
        </Class>
        <Class skippedDueTo="Filter">
          <FullName>Xunit.Sdk.DoesNotContainException</FullName>
          <Methods />
        </Class>
        <Class skippedDueTo="Filter">
          <FullName>Xunit.Sdk.DoesNotMatchException</FullName>
          <Methods />
        </Class>
        <Class skippedDueTo="Filter">
          <FullName>Xunit.Sdk.EmptyException</FullName>
          <Methods />
        </Class>
        <Class skippedDueTo="Filter">
          <FullName>Xunit.Sdk.EndsWithException</FullName>
          <Methods />
        </Class>
        <Class skippedDueTo="Filter">
          <FullName>Xunit.Sdk.EqualException</FullName>
          <Methods />
        </Class>
        <Class skippedDueTo="Filter">
          <FullName>Xunit.Sdk.FalseException</FullName>
          <Methods />
        </Class>
        <Class skippedDueTo="Filter">
          <FullName>Xunit.Sdk.InRangeException</FullName>
          <Methods />
        </Class>
        <Class skippedDueTo="Filter">
          <FullName>Xunit.Sdk.IsAssignableFromException</FullName>
          <Methods />
        </Class>
        <Class skippedDueTo="Filter">
          <FullName>Xunit.Sdk.IsNotTypeException</FullName>
          <Methods />
        </Class>
        <Class skippedDueTo="Filter">
          <FullName>Xunit.Sdk.IsTypeException</FullName>
          <Methods />
        </Class>
        <Class skippedDueTo="Filter">
          <FullName>Xunit.Sdk.MatchesException</FullName>
          <Methods />
        </Class>
        <Class skippedDueTo="Filter">
          <FullName>Xunit.Sdk.NotEmptyException</FullName>
          <Methods />
        </Class>
        <Class skippedDueTo="Filter">
          <FullName>Xunit.Sdk.NotEqualException</FullName>
          <Methods />
        </Class>
        <Class skippedDueTo="Filter">
          <FullName>Xunit.Sdk.NotInRangeException</FullName>
          <Methods />
        </Class>
        <Class skippedDueTo="Filter">
          <FullName>Xunit.Sdk.NotNullException</FullName>
          <Methods />
        </Class>
        <Class skippedDueTo="Filter">
          <FullName>Xunit.Sdk.NotSameException</FullName>
          <Methods />
        </Class>
        <Class skippedDueTo="Filter">
          <FullName>Xunit.Sdk.NullException</FullName>
          <Methods />
        </Class>
        <Class skippedDueTo="Filter">
          <FullName>Xunit.Sdk.ParameterCountMismatchException</FullName>
          <Methods />
        </Class>
        <Class skippedDueTo="Filter">
          <FullName>Xunit.Sdk.ProperSubsetException</FullName>
          <Methods />
        </Class>
        <Class skippedDueTo="Filter">
          <FullName>Xunit.Sdk.ProperSupersetException</FullName>
          <Methods />
        </Class>
        <Class skippedDueTo="Filter">
          <FullName>Xunit.Sdk.PropertyChangedException</FullName>
          <Methods />
        </Class>
        <Class skippedDueTo="Filter">
          <FullName>Xunit.Sdk.SameException</FullName>
          <Methods />
        </Class>
        <Class skippedDueTo="Filter">
          <FullName>Xunit.Sdk.SingleException</FullName>
          <Methods />
        </Class>
        <Class skippedDueTo="Filter">
          <FullName>Xunit.Sdk.StartsWithException</FullName>
          <Methods />
        </Class>
        <Class skippedDueTo="Filter">
          <FullName>Xunit.Sdk.SubsetException</FullName>
          <Methods />
        </Class>
        <Class skippedDueTo="Filter">
          <FullName>Xunit.Sdk.SupersetException</FullName>
          <Methods />
        </Class>
        <Class skippedDueTo="Filter">
          <FullName>Xunit.Sdk.ThrowsException</FullName>
          <Methods />
        </Class>
        <Class skippedDueTo="Filter">
          <FullName>Xunit.Sdk.TrueException</FullName>
          <Methods />
        </Class>
        <Class skippedDueTo="Filter">
          <FullName>Xunit.Sdk.XunitException</FullName>
          <Methods />
        </Class>
      </Classes>
    </Module>
    <Module skippedDueTo="Filter" hash="0C-91-60-C5-26-07-2E-2E-54-A1-8A-32-86-67-C5-B4-A5-93-05-F9">
      <ModulePath>C:\WINDOWS\Microsoft.Net\assembly\GAC_MSIL\System.Configuration\v4.0_4.0.0.0__b03f5f7f11d50a3a\System.Configuration.dll</ModulePath>
      <ModuleTime>2017-03-18T20:59:43.7281312Z</ModuleTime>
      <ModuleName>System.Configuration</ModuleName>
      <Classes />
    </Module>
    <Module skippedDueTo="Filter" hash="BC-3D-7B-FA-41-15-98-9E-BD-CB-6E-11-CC-4E-F2-49-2D-A6-58-72">
      <ModulePath>C:\WINDOWS\Microsoft.Net\assembly\GAC_MSIL\System.Xml\v4.0_4.0.0.0__b77a5c561934e089\System.Xml.dll</ModulePath>
      <ModuleTime>2017-03-18T20:59:43.8218895Z</ModuleTime>
      <ModuleName>System.Xml</ModuleName>
      <Classes />
    </Module>
    <Module skippedDueTo="MissingPdb" hash="">
      <ModulePath>RefEmit_InMemoryManifestModule</ModulePath>
      <ModuleTime>0001-01-01T00:00:00</ModuleTime>
      <ModuleName>Anonymously Hosted DynamicMethods Assembly</ModuleName>
      <Classes />
    </Module>
    <Module skippedDueTo="MissingPdb" hash="">
      <ModulePath>RefEmit_InMemoryManifestModule</ModulePath>
      <ModuleTime>0001-01-01T00:00:00</ModuleTime>
      <ModuleName>DynamicProxyGenAssembly2</ModuleName>
      <Classes />
    </Module>
    <Module skippedDueTo="MissingPdb" hash="">
      <ModulePath>RefEmit_InMemoryManifestModule</ModulePath>
      <ModuleTime>0001-01-01T00:00:00</ModuleTime>
      <ModuleName>DynamicProxyGenAssembly2</ModuleName>
      <Classes />
    </Module>
    <Module skippedDueTo="Filter" hash="27-66-C8-D0-90-FA-62-6B-33-AF-58-9A-78-FF-5F-A5-A4-8E-85-75">
      <ModulePath>C:\WINDOWS\Microsoft.Net\assembly\GAC_MSIL\System.Reflection\v4.0_4.0.0.0__b03f5f7f11d50a3a\System.Reflection.dll</ModulePath>
      <ModuleTime>2017-03-18T20:59:42.2436309Z</ModuleTime>
      <ModuleName>System.Reflection</ModuleName>
      <Classes />
    </Module>
  </Modules>
</CoverageSession>